
10:15:23 Sended message:   ggg
10:15:24 Sended message:   ggg
10:15:24 Sended message:   ggg
10:15:25 Received message: ssss
10:15:26 Received message: ssss
10:15:26 Received message: ssss
10:15:26 Received message: ssss
10:15:26 Received message: ssss
10:15:27 Sended message:   ggg
10:15:27 Sended message:   ggg
10:15:28 Received message: ssss
10:15:28 Received message: ssss
10:26:33 Received message: Welcome to the Server
10:26:50 Received message: server
10:26:52 Received message: server
10:26:52 Received message: server
10:26:52 Received message: server
10:26:52 Received message: server
10:26:53 Received message: server
10:26:53 Received message: server
10:26:53 Received message: server
10:26:53 Received message: server
10:26:53 Received message: server
10:27:01 Sended message:   client
10:27:02 Sended message:   client
10:27:02 Sended message:   client
10:27:03 Sended message:   client
10:27:03 Sended message:   client
10:27:03 Sended message:   client
10:27:03 Sended message:   client
10:27:03 Sended message:   client
10:27:03 Sended message:   client
10:27:04 Sended message:   client
10:27:04 Sended message:   client
10:27:04 Sended message:   client
10:27:04 Sended message:   client
